# JRE version: Java(TM) SE Runtime Environment (8.0_112-b15) (build 1.8.0_112-b15)
# Java VM: Java HotSpot(TM) 64-Bit Server VM (25.112-b15 mixed mode windows-amd64 compressed oops)
Heap:
 PSYoungGen      total 58880K, used 17593K [0x00000007bc400000, 0x00000007c0000000, 0x00000007c0000000)
  eden space 56320K, 31% used [0x00000007bc400000,0x00000007bd52e7a0,0x00000007bfb00000)
  from space 2560K, 0% used [0x00000007bfb00000,0x00000007bfb00000,0x00000007bfd80000)
  to   space 2560K, 0% used [0x00000007bfd80000,0x00000007bfd80000,0x00000007c0000000)
 ParOldGen       total 160768K, used 43832K [0x0000000700000000, 0x0000000709d00000, 0x00000007bc400000)
  object space 160768K, 27% used [0x0000000700000000,0x0000000702ace0d0,0x0000000709d00000)
 Metaspace       used 62009K, capacity 62473K, committed 62976K, reserved 1103872K
  class space    used 8482K, capacity 8613K, committed 8704K, reserved 1048576K
GC Heap History (10 events):
Event: 10833.712 GC heap before
{Heap before GC invocations=109 (full 10):
 PSYoungGen      total 59392K, used 742K [0x00000007bc400000, 0x00000007c0000000, 0x00000007c0000000)
  eden space 57344K, 0% used [0x00000007bc400000,0x00000007bc400000,0x00000007bfc00000)
  from space 2048K, 36% used [0x00000007bfc00000,0x00000007bfcb9ac0,0x00000007bfe00000)
  to   space 2048K, 0% used [0x00000007bfe00000,0x00000007bfe00000,0x00000007c0000000)
 ParOldGen       total 160768K, used 44659K [0x0000000700000000, 0x0000000709d00000, 0x00000007bc400000)
  object space 160768K, 27% used [0x0000000700000000,0x0000000702b9cfe0,0x0000000709d00000)
 Metaspace       used 62007K, capacity 62433K, committed 62976K, reserved 1103872K
  class space    used 8485K, capacity 8617K, committed 8704K, reserved 1048576K
Event: 10833.910 GC heap after
Heap after GC invocations=109 (full 10):
 PSYoungGen      total 59392K, used 0K [0x00000007bc400000, 0x00000007c0000000, 0x00000007c0000000)
  eden space 57344K, 0% used [0x00000007bc400000,0x00000007bc400000,0x00000007bfc00000)
  from space 2048K, 0% used [0x00000007bfc00000,0x00000007bfc00000,0x00000007bfe00000)
  to   space 2048K, 0% used [0x00000007bfe00000,0x00000007bfe00000,0x00000007c0000000)
 ParOldGen       total 160768K, used 44024K [0x0000000700000000, 0x0000000709d00000, 0x00000007bc400000)
  object space 160768K, 27% used [0x0000000700000000,0x0000000702afe2e8,0x0000000709d00000)
 Metaspace       used 62007K, capacity 62433K, committed 62976K, reserved 1103872K
  class space    used 8485K, capacity 8617K, committed 8704K, reserved 1048576K
}
Event: 21651.898 GC heap before
{Heap before GC invocations=110 (full 10):
 PSYoungGen      total 59392K, used 7290K [0x00000007bc400000, 0x00000007c0000000, 0x00000007c0000000)
  eden space 57344K, 12% used [0x00000007bc400000,0x00000007bcb1e840,0x00000007bfc00000)
  from space 2048K, 0% used [0x00000007bfc00000,0x00000007bfc00000,0x00000007bfe00000)
  to   space 2048K, 0% used [0x00000007bfe00000,0x00000007bfe00000,0x00000007c0000000)
 ParOldGen       total 160768K, used 44024K [0x0000000700000000, 0x0000000709d00000, 0x00000007bc400000)
  object space 160768K, 27% used [0x0000000700000000,0x0000000702afe2e8,0x0000000709d00000)
 Metaspace       used 62009K, capacity 62497K, committed 62976K, reserved 1103872K
  class space    used 8485K, capacity 8617K, committed 8704K, reserved 1048576K
Event: 21651.903 GC heap after
Heap after GC invocations=110 (full 10):
 PSYoungGen      total 58368K, used 224K [0x00000007bc400000, 0x00000007c0000000, 0x00000007c0000000)
  eden space 56320K, 0% used [0x00000007bc400000,0x00000007bc400000,0x00000007bfb00000)
  from space 2048K, 10% used [0x00000007bfe00000,0x00000007bfe38000,0x00000007c0000000)
  to   space 2560K, 0% used [0x00000007bfb00000,0x00000007bfb00000,0x00000007bfd80000)
 ParOldGen       total 160768K, used 44024K [0x0000000700000000, 0x0000000709d00000, 0x00000007bc400000)
  object space 160768K, 27% used [0x0000000700000000,0x0000000702afe2e8,0x0000000709d00000)
 Metaspace       used 62009K, capacity 62497K, committed 62976K, reserved 1103872K
  class space    used 8485K, capacity 8617K, committed 8704K, reserved 1048576K
}
Event: 21651.903 GC heap before
{Heap before GC invocations=111 (full 11):
 PSYoungGen      total 58368K, used 224K [0x00000007bc400000, 0x00000007c0000000, 0x00000007c0000000)
  eden space 56320K, 0% used [0x00000007bc400000,0x00000007bc400000,0x00000007bfb00000)
  from space 2048K, 10% used [0x00000007bfe00000,0x00000007bfe38000,0x00000007c0000000)
  to   space 2560K, 0% used [0x00000007bfb00000,0x00000007bfb00000,0x00000007bfd80000)
 ParOldGen       total 160768K, used 44024K [0x0000000700000000, 0x0000000709d00000, 0x00000007bc400000)
  object space 160768K, 27% used [0x0000000700000000,0x0000000702afe2e8,0x0000000709d00000)
 Metaspace       used 62009K, capacity 62497K, committed 62976K, reserved 1103872K
  class space    used 8485K, capacity 8617K, committed 8704K, reserved 1048576K
Event: 21652.253 GC heap after
Heap after GC invocations=111 (full 11):
 PSYoungGen      total 58368K, used 0K [0x00000007bc400000, 0x00000007c0000000, 0x00000007c0000000)
  eden space 56320K, 0% used [0x00000007bc400000,0x00000007bc400000,0x00000007bfb00000)
  from space 2048K, 0% used [0x00000007bfe00000,0x00000007bfe00000,0x00000007c0000000)
  to   space 2560K, 0% used [0x00000007bfb00000,0x00000007bfb00000,0x00000007bfd80000)
 ParOldGen       total 160768K, used 43931K [0x0000000700000000, 0x0000000709d00000, 0x00000007bc400000)
  object space 160768K, 27% used [0x0000000700000000,0x0000000702ae6cc8,0x0000000709d00000)
 Metaspace       used 61999K, capacity 62467K, committed 62976K, reserved 1103872K
  class space    used 8482K, capacity 8612K, committed 8704K, reserved 1048576K
}
Event: 41312.307 GC heap before
{Heap before GC invocations=112 (full 11):
 PSYoungGen      total 58368K, used 3750K [0x00000007bc400000, 0x00000007c0000000, 0x00000007c0000000)
  eden space 56320K, 6% used [0x00000007bc400000,0x00000007bc7a9a40,0x00000007bfb00000)
  from space 2048K, 0% used [0x00000007bfe00000,0x00000007bfe00000,0x00000007c0000000)
  to   space 2560K, 0% used [0x00000007bfb00000,0x00000007bfb00000,0x00000007bfd80000)
 ParOldGen       total 160768K, used 43931K [0x0000000700000000, 0x0000000709d00000, 0x00000007bc400000)
  object space 160768K, 27% used [0x0000000700000000,0x0000000702ae6cc8,0x0000000709d00000)
 Metaspace       used 62001K, capacity 62473K, committed 62976K, reserved 1103872K
  class space    used 8482K, capacity 8613K, committed 8704K, reserved 1048576K
Event: 41312.311 GC heap after
Heap after GC invocations=112 (full 11):
 PSYoungGen      total 58880K, used 224K [0x00000007bc400000, 0x00000007c0000000, 0x00000007c0000000)
  eden space 56320K, 0% used [0x00000007bc400000,0x00000007bc400000,0x00000007bfb00000)
  from space 2560K, 8% used [0x00000007bfb00000,0x00000007bfb38000,0x00000007bfd80000)
  to   space 2560K, 0% used [0x00000007bfd80000,0x00000007bfd80000,0x00000007c0000000)
 ParOldGen       total 160768K, used 43931K [0x0000000700000000, 0x0000000709d00000, 0x00000007bc400000)
  object space 160768K, 27% used [0x0000000700000000,0x0000000702ae6cc8,0x0000000709d00000)
 Metaspace       used 62001K, capacity 62473K, committed 62976K, reserved 1103872K
  class space    used 8482K, capacity 8613K, committed 8704K, reserved 1048576K
}
Event: 41312.311 GC heap before
{Heap before GC invocations=113 (full 12):
 PSYoungGen      total 58880K, used 224K [0x00000007bc400000, 0x00000007c0000000, 0x00000007c0000000)
  eden space 56320K, 0% used [0x00000007bc400000,0x00000007bc400000,0x00000007bfb00000)
  from space 2560K, 8% used [0x00000007bfb00000,0x00000007bfb38000,0x00000007bfd80000)
  to   space 2560K, 0% used [0x00000007bfd80000,0x00000007bfd80000,0x00000007c0000000)
 ParOldGen       total 160768K, used 43931K [0x0000000700000000, 0x0000000709d00000, 0x00000007bc400000)
  object space 160768K, 27% used [0x0000000700000000,0x0000000702ae6cc8,0x0000000709d00000)
 Metaspace       used 62001K, capacity 62473K, committed 62976K, reserved 1103872K
  class space    used 8482K, capacity 8613K, committed 8704K, reserved 1048576K
Event: 41312.603 GC heap after
Heap after GC invocations=113 (full 12):
 PSYoungGen      total 58880K, used 0K [0x00000007bc400000, 0x00000007c0000000, 0x00000007c0000000)
  eden space 56320K, 0% used [0x00000007bc400000,0x00000007bc400000,0x00000007bfb00000)
  from space 2560K, 0% used [0x00000007bfb00000,0x00000007bfb00000,0x00000007bfd80000)
  to   space 2560K, 0% used [0x00000007bfd80000,0x00000007bfd80000,0x00000007c0000000)
 ParOldGen       total 160768K, used 43832K [0x0000000700000000, 0x0000000709d00000, 0x00000007bc400000)
  object space 160768K, 27% used [0x0000000700000000,0x0000000702ace0d0,0x0000000709d00000)
 Metaspace       used 61999K, capacity 62467K, committed 62976K, reserved 1103872K
  class space    used 8482K, capacity 8612K, committed 8704K, reserved 1048576K
}

